[2017-12-25 18:44:22] production.ERROR: Symfony\Component\Console\Exception\RuntimeException: The "--v" option does not exist. in /Users/thomasbourcy/Documents/Sipper/sipper_server/vendor/symfony/console/Input/ArgvInput.php:222
Stack trace:
#0 /Users/thomasbourcy/Documents/Sipper/sipper_server/vendor/symfony/console/Input/ArgvInput.php(158): Symfony\Component\Console\Input\ArgvInput->addLongOption('v', NULL)
#1 /Users/thomasbourcy/Documents/Sipper/sipper_server/vendor/symfony/console/Input/ArgvInput.php(82): Symfony\Component\Console\Input\ArgvInput->parseLongOption('--v')
#2 /Users/thomasbourcy/Documents/Sipper/sipper_server/vendor/symfony/console/Input/Input.php(55): Symfony\Component\Console\Input\ArgvInput->parse()
#3 /Users/thomasbourcy/Documents/Sipper/sipper_server/vendor/symfony/console/Command/Command.php(210): Symfony\Component\Console\Input\Input->bind(Object(Symfony\Component\Console\Input\InputDefinition))
#4 /Users/thomasbourcy/Documents/Sipper/sipper_server/vendor/symfony/console/Application.php(936): Symfony\Component\Console\Command\Command->run(Object(Symfony\Component\Console\Input\ArgvInput), Object(Symfony\Component\Console\Output\ConsoleOutput))
#5 /Users/thomasbourcy/Documents/Sipper/sipper_server/vendor/symfony/console/Application.php(240): Symfony\Component\Console\Application->doRunCommand(Object(Symfony\Component\Console\Command\ListCommand), Object(Symfony\Component\Console\Input\ArgvInput), Object(Symfony\Component\Console\Output\ConsoleOutput))
#6 /Users/thomasbourcy/Documents/Sipper/sipper_server/vendor/symfony/console/Application.php(148): Symfony\Component\Console\Application->doRun(Object(Symfony\Component\Console\Input\ArgvInput), Object(Symfony\Component\Console\Output\ConsoleOutput))
#7 /Users/thomasbourcy/Documents/Sipper/sipper_server/vendor/laravel/framework/src/Illuminate/Foundation/Console/Kernel.php(122): Symfony\Component\Console\Application->run(Object(Symfony\Component\Console\Input\ArgvInput), Object(Symfony\Component\Console\Output\ConsoleOutput))
#8 /Users/thomasbourcy/Documents/Sipper/sipper_server/artisan(35): Illuminate\Foundation\Console\Kernel->handle(Object(Symfony\Component\Console\Input\ArgvInput), Object(Symfony\Component\Console\Output\ConsoleOutput))
#9 {main}  
[2017-12-25 18:44:44] production.ERROR: Symfony\Component\Console\Exception\CommandNotFoundException: Command "update" is not defined. in /Users/thomasbourcy/Documents/Sipper/sipper_server/vendor/symfony/console/Application.php:609
Stack trace:
#0 /Users/thomasbourcy/Documents/Sipper/sipper_server/vendor/symfony/console/Application.php(221): Symfony\Component\Console\Application->find('update')
#1 /Users/thomasbourcy/Documents/Sipper/sipper_server/vendor/symfony/console/Application.php(148): Symfony\Component\Console\Application->doRun(Object(Symfony\Component\Console\Input\ArgvInput), Object(Symfony\Component\Console\Output\ConsoleOutput))
#2 /Users/thomasbourcy/Documents/Sipper/sipper_server/vendor/laravel/framework/src/Illuminate/Foundation/Console/Kernel.php(122): Symfony\Component\Console\Application->run(Object(Symfony\Component\Console\Input\ArgvInput), Object(Symfony\Component\Console\Output\ConsoleOutput))
#3 /Users/thomasbourcy/Documents/Sipper/sipper_server/artisan(35): Illuminate\Foundation\Console\Kernel->handle(Object(Symfony\Component\Console\Input\ArgvInput), Object(Symfony\Component\Console\Output\ConsoleOutput))
#4 {main}  
[2017-12-25 18:58:28] production.ERROR: Symfony\Component\Debug\Exception\FatalThrowableError: Call to undefined method App\Console\Kernel::load() in /Users/thomasbourcy/Documents/Sipper/sipper_server/app/Console/Kernel.php:44
Stack trace:
#0 /Users/thomasbourcy/Documents/Sipper/sipper_server/vendor/laravel/framework/src/Illuminate/Foundation/Console/Kernel.php(117): App\Console\Kernel->commands()
#1 /Users/thomasbourcy/Documents/Sipper/sipper_server/artisan(35): Illuminate\Foundation\Console\Kernel->handle(Object(Symfony\Component\Console\Input\ArgvInput), Object(Symfony\Component\Console\Output\ConsoleOutput))
#2 {main}  
[2018-01-08 13:15:23] production.ERROR: Command "make" is not defined.

Did you mean one of these?
    make:auth
    make:command
    make:controller
    make:event
    make:exception
    make:factory
    make:job
    make:listener
    make:mail
    make:middleware
    make:migration
    make:model
    make:notification
    make:policy
    make:provider
    make:request
    make:resource
    make:rule
    make:seeder
    make:test {"exception":"[object] (Symfony\\Component\\Console\\Exception\\CommandNotFoundException(code: 0): Command \"make\" is not defined.

Did you mean one of these?
    make:auth
    make:command
    make:controller
    make:event
    make:exception
    make:factory
    make:job
    make:listener
    make:mail
    make:middleware
    make:migration
    make:model
    make:notification
    make:policy
    make:provider
    make:request
    make:resource
    make:rule
    make:seeder
    make:test at /Users/thomasbourcy/Documents/Sipper/sipper_server/vendor/symfony/console/Application.php:609)
[stacktrace]
#0 /Users/thomasbourcy/Documents/Sipper/sipper_server/vendor/symfony/console/Application.php(221): Symfony\\Component\\Console\\Application->find('make')
#1 /Users/thomasbourcy/Documents/Sipper/sipper_server/vendor/symfony/console/Application.php(148): Symfony\\Component\\Console\\Application->doRun(Object(Symfony\\Component\\Console\\Input\\ArgvInput), Object(Symfony\\Component\\Console\\Output\\ConsoleOutput))
#2 /Users/thomasbourcy/Documents/Sipper/sipper_server/vendor/laravel/framework/src/Illuminate/Console/Application.php(88): Symfony\\Component\\Console\\Application->run(Object(Symfony\\Component\\Console\\Input\\ArgvInput), Object(Symfony\\Component\\Console\\Output\\ConsoleOutput))
#3 /Users/thomasbourcy/Documents/Sipper/sipper_server/vendor/laravel/framework/src/Illuminate/Foundation/Console/Kernel.php(121): Illuminate\\Console\\Application->run(Object(Symfony\\Component\\Console\\Input\\ArgvInput), Object(Symfony\\Component\\Console\\Output\\ConsoleOutput))
#4 /Users/thomasbourcy/Documents/Sipper/sipper_server/artisan(35): Illuminate\\Foundation\\Console\\Kernel->handle(Object(Symfony\\Component\\Console\\Input\\ArgvInput), Object(Symfony\\Component\\Console\\Output\\ConsoleOutput))
#5 {main}
"} 
[2018-01-18 14:58:29] production.ERROR: Symfony\Component\Console\Exception\CommandNotFoundException: There are no commands defined in the "mangopay" namespace. in /Users/thomasbourcy/Documents/Sipper/sipper_api/vendor/symfony/console/Application.php:556
Stack trace:
#0 /Users/thomasbourcy/Documents/Sipper/sipper_api/vendor/symfony/console/Application.php(596): Symfony\Component\Console\Application->findNamespace('mangopay')
#1 /Users/thomasbourcy/Documents/Sipper/sipper_api/vendor/symfony/console/Application.php(221): Symfony\Component\Console\Application->find('mangopay:mkdir')
#2 /Users/thomasbourcy/Documents/Sipper/sipper_api/vendor/symfony/console/Application.php(148): Symfony\Component\Console\Application->doRun(Object(Symfony\Component\Console\Input\ArgvInput), Object(Symfony\Component\Console\Output\ConsoleOutput))
#3 /Users/thomasbourcy/Documents/Sipper/sipper_api/vendor/laravel/framework/src/Illuminate/Foundation/Console/Kernel.php(122): Symfony\Component\Console\Application->run(Object(Symfony\Component\Console\Input\ArgvInput), Object(Symfony\Component\Console\Output\ConsoleOutput))
#4 /Users/thomasbourcy/Documents/Sipper/sipper_api/artisan(35): Illuminate\Foundation\Console\Kernel->handle(Object(Symfony\Component\Console\Input\ArgvInput), Object(Symfony\Component\Console\Output\ConsoleOutput))
#5 {main}  
[2018-01-18 15:00:05] production.ERROR: Symfony\Component\Console\Exception\CommandNotFoundException: There are no commands defined in the "mangopay" namespace. in /Users/thomasbourcy/Documents/Sipper/sipper_api/vendor/symfony/console/Application.php:556
Stack trace:
#0 /Users/thomasbourcy/Documents/Sipper/sipper_api/vendor/symfony/console/Application.php(596): Symfony\Component\Console\Application->findNamespace('mangopay')
#1 /Users/thomasbourcy/Documents/Sipper/sipper_api/vendor/symfony/console/Application.php(221): Symfony\Component\Console\Application->find('mangopay:mkdir')
#2 /Users/thomasbourcy/Documents/Sipper/sipper_api/vendor/symfony/console/Application.php(148): Symfony\Component\Console\Application->doRun(Object(Symfony\Component\Console\Input\ArgvInput), Object(Symfony\Component\Console\Output\ConsoleOutput))
#3 /Users/thomasbourcy/Documents/Sipper/sipper_api/vendor/laravel/framework/src/Illuminate/Foundation/Console/Kernel.php(122): Symfony\Component\Console\Application->run(Object(Symfony\Component\Console\Input\ArgvInput), Object(Symfony\Component\Console\Output\ConsoleOutput))
#4 /Users/thomasbourcy/Documents/Sipper/sipper_api/artisan(35): Illuminate\Foundation\Console\Kernel->handle(Object(Symfony\Component\Console\Input\ArgvInput), Object(Symfony\Component\Console\Output\ConsoleOutput))
#5 {main}  
[2018-01-18 15:01:54] production.ERROR: Symfony\Component\Console\Exception\CommandNotFoundException: There are no commands defined in the "mangopay" namespace. in /Users/thomasbourcy/Documents/Sipper/sipper_api/vendor/symfony/console/Application.php:556
Stack trace:
#0 /Users/thomasbourcy/Documents/Sipper/sipper_api/vendor/symfony/console/Application.php(596): Symfony\Component\Console\Application->findNamespace('mangopay')
#1 /Users/thomasbourcy/Documents/Sipper/sipper_api/vendor/symfony/console/Application.php(221): Symfony\Component\Console\Application->find('mangopay:mkdir')
#2 /Users/thomasbourcy/Documents/Sipper/sipper_api/vendor/symfony/console/Application.php(148): Symfony\Component\Console\Application->doRun(Object(Symfony\Component\Console\Input\ArgvInput), Object(Symfony\Component\Console\Output\ConsoleOutput))
#3 /Users/thomasbourcy/Documents/Sipper/sipper_api/vendor/laravel/framework/src/Illuminate/Foundation/Console/Kernel.php(122): Symfony\Component\Console\Application->run(Object(Symfony\Component\Console\Input\ArgvInput), Object(Symfony\Component\Console\Output\ConsoleOutput))
#4 /Users/thomasbourcy/Documents/Sipper/sipper_api/artisan(35): Illuminate\Foundation\Console\Kernel->handle(Object(Symfony\Component\Console\Input\ArgvInput), Object(Symfony\Component\Console\Output\ConsoleOutput))
#5 {main}  
[2018-01-30 15:06:06] production.ERROR: InvalidArgumentException: Attribute [poset] does not exist. in /Users/thomasbourcy/Documents/Sipper/sipper_api/vendor/laravel/framework/src/Illuminate/Routing/RouteRegistrar.php:75
Stack trace:
#0 /Users/thomasbourcy/Documents/Sipper/sipper_api/vendor/laravel/framework/src/Illuminate/Routing/Router.php(1098): Illuminate\Routing\RouteRegistrar->attribute('poset', '/getInvoicesFor...')
#1 /Users/thomasbourcy/Documents/Sipper/sipper_api/vendor/laravel/framework/src/Illuminate/Support/Facades/Facade.php(221): Illuminate\Routing\Router->__call('poset', Array)
#2 /Users/thomasbourcy/Documents/Sipper/sipper_api/routes/api.php(96): Illuminate\Support\Facades\Facade::__callStatic('poset', Array)
#3 /Users/thomasbourcy/Documents/Sipper/sipper_api/vendor/laravel/framework/src/Illuminate/Routing/Router.php(323): Illuminate\Routing\Router->{closure}(Object(Illuminate\Routing\Router))
#4 /Users/thomasbourcy/Documents/Sipper/sipper_api/vendor/laravel/framework/src/Illuminate/Routing/Router.php(283): Illuminate\Routing\Router->loadRoutes(Object(Closure))
#5 /Users/thomasbourcy/Documents/Sipper/sipper_api/vendor/laravel/framework/src/Illuminate/Support/Facades/Facade.php(221): Illuminate\Routing\Router->group(Array, Object(Closure))
#6 /Users/thomasbourcy/Documents/Sipper/sipper_api/routes/api.php(97): Illuminate\Support\Facades\Facade::__callStatic('group', Array)
#7 /Users/thomasbourcy/Documents/Sipper/sipper_api/vendor/laravel/framework/src/Illuminate/Routing/Router.php(327): require('/Users/thomasbo...')
#8 /Users/thomasbourcy/Documents/Sipper/sipper_api/vendor/laravel/framework/src/Illuminate/Routing/Router.php(283): Illuminate\Routing\Router->loadRoutes('/Users/thomasbo...')
#9 /Users/thomasbourcy/Documents/Sipper/sipper_api/vendor/laravel/framework/src/Illuminate/Routing/RouteRegistrar.php(104): Illuminate\Routing\Router->group(Array, '/Users/thomasbo...')
#10 /Users/thomasbourcy/Documents/Sipper/sipper_api/app/Providers/RouteServiceProvider.php(71): Illuminate\Routing\RouteRegistrar->group('/Users/thomasbo...')
#11 /Users/thomasbourcy/Documents/Sipper/sipper_api/app/Providers/RouteServiceProvider.php(38): App\Providers\RouteServiceProvider->mapApiRoutes()
#12 [internal function]: App\Providers\RouteServiceProvider->map()
#13 /Users/thomasbourcy/Documents/Sipper/sipper_api/vendor/laravel/framework/src/Illuminate/Container/BoundMethod.php(29): call_user_func_array(Array, Array)
#14 /Users/thomasbourcy/Documents/Sipper/sipper_api/vendor/laravel/framework/src/Illuminate/Container/BoundMethod.php(87): Illuminate\Container\BoundMethod::Illuminate\Container\{closure}()
#15 /Users/thomasbourcy/Documents/Sipper/sipper_api/vendor/laravel/framework/src/Illuminate/Container/BoundMethod.php(31): Illuminate\Container\BoundMethod::callBoundMethod(Object(Illuminate\Foundation\Application), Array, Object(Closure))
#16 /Users/thomasbourcy/Documents/Sipper/sipper_api/vendor/laravel/framework/src/Illuminate/Container/Container.php(539): Illuminate\Container\BoundMethod::call(Object(Illuminate\Foundation\Application), Array, Array, NULL)
#17 /Users/thomasbourcy/Documents/Sipper/sipper_api/vendor/laravel/framework/src/Illuminate/Foundation/Support/Providers/RouteServiceProvider.php(74): Illuminate\Container\Container->call(Array)
#18 /Users/thomasbourcy/Documents/Sipper/sipper_api/vendor/laravel/framework/src/Illuminate/Foundation/Support/Providers/RouteServiceProvider.php(33): Illuminate\Foundation\Support\Providers\RouteServiceProvider->loadRoutes()
#19 /Users/thomasbourcy/Documents/Sipper/sipper_api/app/Providers/RouteServiceProvider.php(28): Illuminate\Foundation\Support\Providers\RouteServiceProvider->boot()
#20 [internal function]: App\Providers\RouteServiceProvider->boot()
#21 /Users/thomasbourcy/Documents/Sipper/sipper_api/vendor/laravel/framework/src/Illuminate/Container/BoundMethod.php(29): call_user_func_array(Array, Array)
#22 /Users/thomasbourcy/Documents/Sipper/sipper_api/vendor/laravel/framework/src/Illuminate/Container/BoundMethod.php(87): Illuminate\Container\BoundMethod::Illuminate\Container\{closure}()
#23 /Users/thomasbourcy/Documents/Sipper/sipper_api/vendor/laravel/framework/src/Illuminate/Container/BoundMethod.php(31): Illuminate\Container\BoundMethod::callBoundMethod(Object(Illuminate\Foundation\Application), Array, Object(Closure))
#24 /Users/thomasbourcy/Documents/Sipper/sipper_api/vendor/laravel/framework/src/Illuminate/Container/Container.php(539): Illuminate\Container\BoundMethod::call(Object(Illuminate\Foundation\Application), Array, Array, NULL)
#25 /Users/thomasbourcy/Documents/Sipper/sipper_api/vendor/laravel/framework/src/Illuminate/Foundation/Application.php(788): Illuminate\Container\Container->call(Array)
#26 /Users/thomasbourcy/Documents/Sipper/sipper_api/vendor/laravel/framework/src/Illuminate/Foundation/Application.php(771): Illuminate\Foundation\Application->bootProvider(Object(App\Providers\RouteServiceProvider))
#27 [internal function]: Illuminate\Foundation\Application->Illuminate\Foundation\{closure}(Object(App\Providers\RouteServiceProvider), 18)
#28 /Users/thomasbourcy/Documents/Sipper/sipper_api/vendor/laravel/framework/src/Illuminate/Foundation/Application.php(772): array_walk(Array, Object(Closure))
#29 /Users/thomasbourcy/Documents/Sipper/sipper_api/vendor/laravel/framework/src/Illuminate/Foundation/Bootstrap/BootProviders.php(17): Illuminate\Foundation\Application->boot()
#30 /Users/thomasbourcy/Documents/Sipper/sipper_api/vendor/laravel/framework/src/Illuminate/Foundation/Application.php(208): Illuminate\Foundation\Bootstrap\BootProviders->bootstrap(Object(Illuminate\Foundation\Application))
#31 /Users/thomasbourcy/Documents/Sipper/sipper_api/vendor/laravel/framework/src/Illuminate/Foundation/Console/Kernel.php(267): Illuminate\Foundation\Application->bootstrapWith(Array)
#32 /Users/thomasbourcy/Documents/Sipper/sipper_api/vendor/laravel/framework/src/Illuminate/Foundation/Console/Kernel.php(114): Illuminate\Foundation\Console\Kernel->bootstrap()
#33 /Users/thomasbourcy/Documents/Sipper/sipper_api/artisan(35): Illuminate\Foundation\Console\Kernel->handle(Object(Symfony\Component\Console\Input\ArgvInput), Object(Symfony\Component\Console\Output\ConsoleOutput))
#34 {main}  
[2018-01-30 15:06:48] production.ERROR: InvalidArgumentException: Attribute [poset] does not exist. in /Users/thomasbourcy/Documents/Sipper/sipper_api/vendor/laravel/framework/src/Illuminate/Routing/RouteRegistrar.php:75
Stack trace:
#0 /Users/thomasbourcy/Documents/Sipper/sipper_api/vendor/laravel/framework/src/Illuminate/Routing/Router.php(1098): Illuminate\Routing\RouteRegistrar->attribute('poset', '/getInvoicesFor...')
#1 /Users/thomasbourcy/Documents/Sipper/sipper_api/vendor/laravel/framework/src/Illuminate/Support/Facades/Facade.php(221): Illuminate\Routing\Router->__call('poset', Array)
#2 /Users/thomasbourcy/Documents/Sipper/sipper_api/routes/api.php(96): Illuminate\Support\Facades\Facade::__callStatic('poset', Array)
#3 /Users/thomasbourcy/Documents/Sipper/sipper_api/vendor/laravel/framework/src/Illuminate/Routing/Router.php(323): Illuminate\Routing\Router->{closure}(Object(Illuminate\Routing\Router))
#4 /Users/thomasbourcy/Documents/Sipper/sipper_api/vendor/laravel/framework/src/Illuminate/Routing/Router.php(283): Illuminate\Routing\Router->loadRoutes(Object(Closure))
#5 /Users/thomasbourcy/Documents/Sipper/sipper_api/vendor/laravel/framework/src/Illuminate/Support/Facades/Facade.php(221): Illuminate\Routing\Router->group(Array, Object(Closure))
#6 /Users/thomasbourcy/Documents/Sipper/sipper_api/routes/api.php(97): Illuminate\Support\Facades\Facade::__callStatic('group', Array)
#7 /Users/thomasbourcy/Documents/Sipper/sipper_api/vendor/laravel/framework/src/Illuminate/Routing/Router.php(327): require('/Users/thomasbo...')
#8 /Users/thomasbourcy/Documents/Sipper/sipper_api/vendor/laravel/framework/src/Illuminate/Routing/Router.php(283): Illuminate\Routing\Router->loadRoutes('/Users/thomasbo...')
#9 /Users/thomasbourcy/Documents/Sipper/sipper_api/vendor/laravel/framework/src/Illuminate/Routing/RouteRegistrar.php(104): Illuminate\Routing\Router->group(Array, '/Users/thomasbo...')
#10 /Users/thomasbourcy/Documents/Sipper/sipper_api/app/Providers/RouteServiceProvider.php(71): Illuminate\Routing\RouteRegistrar->group('/Users/thomasbo...')
#11 /Users/thomasbourcy/Documents/Sipper/sipper_api/app/Providers/RouteServiceProvider.php(38): App\Providers\RouteServiceProvider->mapApiRoutes()
#12 [internal function]: App\Providers\RouteServiceProvider->map()
#13 /Users/thomasbourcy/Documents/Sipper/sipper_api/vendor/laravel/framework/src/Illuminate/Container/BoundMethod.php(29): call_user_func_array(Array, Array)
#14 /Users/thomasbourcy/Documents/Sipper/sipper_api/vendor/laravel/framework/src/Illuminate/Container/BoundMethod.php(87): Illuminate\Container\BoundMethod::Illuminate\Container\{closure}()
#15 /Users/thomasbourcy/Documents/Sipper/sipper_api/vendor/laravel/framework/src/Illuminate/Container/BoundMethod.php(31): Illuminate\Container\BoundMethod::callBoundMethod(Object(Illuminate\Foundation\Application), Array, Object(Closure))
#16 /Users/thomasbourcy/Documents/Sipper/sipper_api/vendor/laravel/framework/src/Illuminate/Container/Container.php(539): Illuminate\Container\BoundMethod::call(Object(Illuminate\Foundation\Application), Array, Array, NULL)
#17 /Users/thomasbourcy/Documents/Sipper/sipper_api/vendor/laravel/framework/src/Illuminate/Foundation/Support/Providers/RouteServiceProvider.php(74): Illuminate\Container\Container->call(Array)
#18 /Users/thomasbourcy/Documents/Sipper/sipper_api/vendor/laravel/framework/src/Illuminate/Foundation/Support/Providers/RouteServiceProvider.php(33): Illuminate\Foundation\Support\Providers\RouteServiceProvider->loadRoutes()
#19 /Users/thomasbourcy/Documents/Sipper/sipper_api/app/Providers/RouteServiceProvider.php(28): Illuminate\Foundation\Support\Providers\RouteServiceProvider->boot()
#20 [internal function]: App\Providers\RouteServiceProvider->boot()
#21 /Users/thomasbourcy/Documents/Sipper/sipper_api/vendor/laravel/framework/src/Illuminate/Container/BoundMethod.php(29): call_user_func_array(Array, Array)
#22 /Users/thomasbourcy/Documents/Sipper/sipper_api/vendor/laravel/framework/src/Illuminate/Container/BoundMethod.php(87): Illuminate\Container\BoundMethod::Illuminate\Container\{closure}()
#23 /Users/thomasbourcy/Documents/Sipper/sipper_api/vendor/laravel/framework/src/Illuminate/Container/BoundMethod.php(31): Illuminate\Container\BoundMethod::callBoundMethod(Object(Illuminate\Foundation\Application), Array, Object(Closure))
#24 /Users/thomasbourcy/Documents/Sipper/sipper_api/vendor/laravel/framework/src/Illuminate/Container/Container.php(539): Illuminate\Container\BoundMethod::call(Object(Illuminate\Foundation\Application), Array, Array, NULL)
#25 /Users/thomasbourcy/Documents/Sipper/sipper_api/vendor/laravel/framework/src/Illuminate/Foundation/Application.php(788): Illuminate\Container\Container->call(Array)
#26 /Users/thomasbourcy/Documents/Sipper/sipper_api/vendor/laravel/framework/src/Illuminate/Foundation/Application.php(771): Illuminate\Foundation\Application->bootProvider(Object(App\Providers\RouteServiceProvider))
#27 [internal function]: Illuminate\Foundation\Application->Illuminate\Foundation\{closure}(Object(App\Providers\RouteServiceProvider), 18)
#28 /Users/thomasbourcy/Documents/Sipper/sipper_api/vendor/laravel/framework/src/Illuminate/Foundation/Application.php(772): array_walk(Array, Object(Closure))
#29 /Users/thomasbourcy/Documents/Sipper/sipper_api/vendor/laravel/framework/src/Illuminate/Foundation/Bootstrap/BootProviders.php(17): Illuminate\Foundation\Application->boot()
#30 /Users/thomasbourcy/Documents/Sipper/sipper_api/vendor/laravel/framework/src/Illuminate/Foundation/Application.php(208): Illuminate\Foundation\Bootstrap\BootProviders->bootstrap(Object(Illuminate\Foundation\Application))
#31 /Users/thomasbourcy/Documents/Sipper/sipper_api/vendor/laravel/framework/src/Illuminate/Foundation/Console/Kernel.php(267): Illuminate\Foundation\Application->bootstrapWith(Array)
#32 /Users/thomasbourcy/Documents/Sipper/sipper_api/vendor/laravel/framework/src/Illuminate/Foundation/Console/Kernel.php(114): Illuminate\Foundation\Console\Kernel->bootstrap()
#33 /Users/thomasbourcy/Documents/Sipper/sipper_api/artisan(35): Illuminate\Foundation\Console\Kernel->handle(Object(Symfony\Component\Console\Input\ArgvInput), Object(Symfony\Component\Console\Output\ConsoleOutput))
#34 {main}  
[2018-01-31 16:39:23] production.ERROR: PDOException: SQLSTATE[HY000] [2002] No such file or directory in /Users/thomasbourcy/Documents/Sipper/sipper_api/vendor/doctrine/dbal/lib/Doctrine/DBAL/Driver/PDOConnection.php:43
Stack trace:
#0 /Users/thomasbourcy/Documents/Sipper/sipper_api/vendor/doctrine/dbal/lib/Doctrine/DBAL/Driver/PDOConnection.php(43): PDO->__construct('mysql:host=loca...', 'root', 'Sipper1617', Array)
#1 /Users/thomasbourcy/Documents/Sipper/sipper_api/vendor/laravel/framework/src/Illuminate/Database/Connectors/Connector.php(65): Doctrine\DBAL\Driver\PDOConnection->__construct('mysql:host=loca...', 'root', 'Sipper1617', Array)
#2 /Users/thomasbourcy/Documents/Sipper/sipper_api/vendor/laravel/framework/src/Illuminate/Database/Connectors/Connector.php(44): Illuminate\Database\Connectors\Connector->createPdoConnection('mysql:host=loca...', 'root', 'Sipper1617', Array)
#3 /Users/thomasbourcy/Documents/Sipper/sipper_api/vendor/laravel/framework/src/Illuminate/Database/Connectors/MySqlConnector.php(24): Illuminate\Database\Connectors\Connector->createConnection('mysql:host=loca...', Array, Array)
#4 /Users/thomasbourcy/Documents/Sipper/sipper_api/vendor/laravel/framework/src/Illuminate/Database/Connectors/ConnectionFactory.php(183): Illuminate\Database\Connectors\MySqlConnector->connect(Array)
#5 [internal function]: Illuminate\Database\Connectors\ConnectionFactory->Illuminate\Database\Connectors\{closure}()
#6 /Users/thomasbourcy/Documents/Sipper/sipper_api/vendor/laravel/framework/src/Illuminate/Database/Connection.php(883): call_user_func(Object(Closure))
#7 /Users/thomasbourcy/Documents/Sipper/sipper_api/vendor/laravel/framework/src/Illuminate/Database/Connection.php(904): Illuminate\Database\Connection->getPdo()
#8 /Users/thomasbourcy/Documents/Sipper/sipper_api/vendor/laravel/framework/src/Illuminate/Database/Connection.php(392): Illuminate\Database\Connection->getReadPdo()
#9 /Users/thomasbourcy/Documents/Sipper/sipper_api/vendor/laravel/framework/src/Illuminate/Database/Connection.php(318): Illuminate\Database\Connection->getPdoForSelect(true)
#10 /Users/thomasbourcy/Documents/Sipper/sipper_api/vendor/laravel/framework/src/Illuminate/Database/Connection.php(640): Illuminate\Database\Connection->Illuminate\Database\{closure}('select * from i...', Array)
#11 /Users/thomasbourcy/Documents/Sipper/sipper_api/vendor/laravel/framework/src/Illuminate/Database/Connection.php(607): Illuminate\Database\Connection->runQueryCallback('select * from i...', Array, Object(Closure))
#12 /Users/thomasbourcy/Documents/Sipper/sipper_api/vendor/laravel/framework/src/Illuminate/Database/Connection.php(326): Illuminate\Database\Connection->run('select * from i...', Array, Object(Closure))
#13 /Users/thomasbourcy/Documents/Sipper/sipper_api/vendor/laravel/framework/src/Illuminate/Database/Schema/MySqlBuilder.php(18): Illuminate\Database\Connection->select('select * from i...', Array)
#14 /Users/thomasbourcy/Documents/Sipper/sipper_api/vendor/laravel/framework/src/Illuminate/Database/Migrations/DatabaseMigrationRepository.php(154): Illuminate\Database\Schema\MySqlBuilder->hasTable('migrations')
#15 /Users/thomasbourcy/Documents/Sipper/sipper_api/vendor/laravel/framework/src/Illuminate/Database/Migrations/Migrator.php(544): Illuminate\Database\Migrations\DatabaseMigrationRepository->repositoryExists()
#16 /Users/thomasbourcy/Documents/Sipper/sipper_api/vendor/laravel/framework/src/Illuminate/Database/Console/Migrations/MigrateCommand.php(96): Illuminate\Database\Migrations\Migrator->repositoryExists()
#17 /Users/thomasbourcy/Documents/Sipper/sipper_api/vendor/laravel/framework/src/Illuminate/Database/Console/Migrations/MigrateCommand.php(62): Illuminate\Database\Console\Migrations\MigrateCommand->prepareDatabase()
#18 [internal function]: Illuminate\Database\Console\Migrations\MigrateCommand->fire()
#19 /Users/thomasbourcy/Documents/Sipper/sipper_api/vendor/laravel/framework/src/Illuminate/Container/BoundMethod.php(29): call_user_func_array(Array, Array)
#20 /Users/thomasbourcy/Documents/Sipper/sipper_api/vendor/laravel/framework/src/Illuminate/Container/BoundMethod.php(87): Illuminate\Container\BoundMethod::Illuminate\Container\{closure}()
#21 /Users/thomasbourcy/Documents/Sipper/sipper_api/vendor/laravel/framework/src/Illuminate/Container/BoundMethod.php(31): Illuminate\Container\BoundMethod::callBoundMethod(Object(Illuminate\Foundation\Application), Array, Object(Closure))
#22 /Users/thomasbourcy/Documents/Sipper/sipper_api/vendor/laravel/framework/src/Illuminate/Container/Container.php(539): Illuminate\Container\BoundMethod::call(Object(Illuminate\Foundation\Application), Array, Array, NULL)
#23 /Users/thomasbourcy/Documents/Sipper/sipper_api/vendor/laravel/framework/src/Illuminate/Console/Command.php(182): Illuminate\Container\Container->call(Array)
#24 /Users/thomasbourcy/Documents/Sipper/sipper_api/vendor/symfony/console/Command/Command.php(252): Illuminate\Console\Command->execute(Object(Symfony\Component\Console\Input\ArgvInput), Object(Illuminate\Console\OutputStyle))
#25 /Users/thomasbourcy/Documents/Sipper/sipper_api/vendor/laravel/framework/src/Illuminate/Console/Command.php(167): Symfony\Component\Console\Command\Command->run(Object(Symfony\Component\Console\Input\ArgvInput), Object(Illuminate\Console\OutputStyle))
#26 /Users/thomasbourcy/Documents/Sipper/sipper_api/vendor/symfony/console/Application.php(946): Illuminate\Console\Command->run(Object(Symfony\Component\Console\Input\ArgvInput), Object(Symfony\Component\Console\Output\ConsoleOutput))
#27 /Users/thomasbourcy/Documents/Sipper/sipper_api/vendor/symfony/console/Application.php(248): Symfony\Component\Console\Application->doRunCommand(Object(Illuminate\Database\Console\Migrations\MigrateCommand), Object(Symfony\Component\Console\Input\ArgvInput), Object(Symfony\Component\Console\Output\ConsoleOutput))
#28 /Users/thomasbourcy/Documents/Sipper/sipper_api/vendor/symfony/console/Application.php(148): Symfony\Component\Console\Application->doRun(Object(Symfony\Component\Console\Input\ArgvInput), Object(Symfony\Component\Console\Output\ConsoleOutput))
#29 /Users/thomasbourcy/Documents/Sipper/sipper_api/vendor/laravel/framework/src/Illuminate/Foundation/Console/Kernel.php(122): Symfony\Component\Console\Application->run(Object(Symfony\Component\Console\Input\ArgvInput), Object(Symfony\Component\Console\Output\ConsoleOutput))
#30 /Users/thomasbourcy/Documents/Sipper/sipper_api/artisan(35): Illuminate\Foundation\Console\Kernel->handle(Object(Symfony\Component\Console\Input\ArgvInput), Object(Symfony\Component\Console\Output\ConsoleOutput))
#31 {main}

Next Doctrine\DBAL\Driver\PDOException: SQLSTATE[HY000] [2002] No such file or directory in /Users/thomasbourcy/Documents/Sipper/sipper_api/vendor/doctrine/dbal/lib/Doctrine/DBAL/Driver/PDOConnection.php:47
Stack trace:
#0 /Users/thomasbourcy/Documents/Sipper/sipper_api/vendor/laravel/framework/src/Illuminate/Database/Connectors/Connector.php(65): Doctrine\DBAL\Driver\PDOConnection->__construct('mysql:host=loca...', 'root', 'Sipper1617', Array)
#1 /Users/thomasbourcy/Documents/Sipper/sipper_api/vendor/laravel/framework/src/Illuminate/Database/Connectors/Connector.php(44): Illuminate\Database\Connectors\Connector->createPdoConnection('mysql:host=loca...', 'root', 'Sipper1617', Array)
#2 /Users/thomasbourcy/Documents/Sipper/sipper_api/vendor/laravel/framework/src/Illuminate/Database/Connectors/MySqlConnector.php(24): Illuminate\Database\Connectors\Connector->createConnection('mysql:host=loca...', Array, Array)
#3 /Users/thomasbourcy/Documents/Sipper/sipper_api/vendor/laravel/framework/src/Illuminate/Database/Connectors/ConnectionFactory.php(183): Illuminate\Database\Connectors\MySqlConnector->connect(Array)
#4 [internal function]: Illuminate\Database\Connectors\ConnectionFactory->Illuminate\Database\Connectors\{closure}()
#5 /Users/thomasbourcy/Documents/Sipper/sipper_api/vendor/laravel/framework/src/Illuminate/Database/Connection.php(883): call_user_func(Object(Closure))
#6 /Users/thomasbourcy/Documents/Sipper/sipper_api/vendor/laravel/framework/src/Illuminate/Database/Connection.php(904): Illuminate\Database\Connection->getPdo()
#7 /Users/thomasbourcy/Documents/Sipper/sipper_api/vendor/laravel/framework/src/Illuminate/Database/Connection.php(392): Illuminate\Database\Connection->getReadPdo()
#8 /Users/thomasbourcy/Documents/Sipper/sipper_api/vendor/laravel/framework/src/Illuminate/Database/Connection.php(318): Illuminate\Database\Connection->getPdoForSelect(true)
#9 /Users/thomasbourcy/Documents/Sipper/sipper_api/vendor/laravel/framework/src/Illuminate/Database/Connection.php(640): Illuminate\Database\Connection->Illuminate\Database\{closure}('select * from i...', Array)
#10 /Users/thomasbourcy/Documents/Sipper/sipper_api/vendor/laravel/framework/src/Illuminate/Database/Connection.php(607): Illuminate\Database\Connection->runQueryCallback('select * from i...', Array, Object(Closure))
#11 /Users/thomasbourcy/Documents/Sipper/sipper_api/vendor/laravel/framework/src/Illuminate/Database/Connection.php(326): Illuminate\Database\Connection->run('select * from i...', Array, Object(Closure))
#12 /Users/thomasbourcy/Documents/Sipper/sipper_api/vendor/laravel/framework/src/Illuminate/Database/Schema/MySqlBuilder.php(18): Illuminate\Database\Connection->select('select * from i...', Array)
#13 /Users/thomasbourcy/Documents/Sipper/sipper_api/vendor/laravel/framework/src/Illuminate/Database/Migrations/DatabaseMigrationRepository.php(154): Illuminate\Database\Schema\MySqlBuilder->hasTable('migrations')
#14 /Users/thomasbourcy/Documents/Sipper/sipper_api/vendor/laravel/framework/src/Illuminate/Database/Migrations/Migrator.php(544): Illuminate\Database\Migrations\DatabaseMigrationRepository->repositoryExists()
#15 /Users/thomasbourcy/Documents/Sipper/sipper_api/vendor/laravel/framework/src/Illuminate/Database/Console/Migrations/MigrateCommand.php(96): Illuminate\Database\Migrations\Migrator->repositoryExists()
#16 /Users/thomasbourcy/Documents/Sipper/sipper_api/vendor/laravel/framework/src/Illuminate/Database/Console/Migrations/MigrateCommand.php(62): Illuminate\Database\Console\Migrations\MigrateCommand->prepareDatabase()
#17 [internal function]: Illuminate\Database\Console\Migrations\MigrateCommand->fire()
#18 /Users/thomasbourcy/Documents/Sipper/sipper_api/vendor/laravel/framework/src/Illuminate/Container/BoundMethod.php(29): call_user_func_array(Array, Array)
#19 /Users/thomasbourcy/Documents/Sipper/sipper_api/vendor/laravel/framework/src/Illuminate/Container/BoundMethod.php(87): Illuminate\Container\BoundMethod::Illuminate\Container\{closure}()
#20 /Users/thomasbourcy/Documents/Sipper/sipper_api/vendor/laravel/framework/src/Illuminate/Container/BoundMethod.php(31): Illuminate\Container\BoundMethod::callBoundMethod(Object(Illuminate\Foundation\Application), Array, Object(Closure))
#21 /Users/thomasbourcy/Documents/Sipper/sipper_api/vendor/laravel/framework/src/Illuminate/Container/Container.php(539): Illuminate\Container\BoundMethod::call(Object(Illuminate\Foundation\Application), Array, Array, NULL)
#22 /Users/thomasbourcy/Documents/Sipper/sipper_api/vendor/laravel/framework/src/Illuminate/Console/Command.php(182): Illuminate\Container\Container->call(Array)
#23 /Users/thomasbourcy/Documents/Sipper/sipper_api/vendor/symfony/console/Command/Command.php(252): Illuminate\Console\Command->execute(Object(Symfony\Component\Console\Input\ArgvInput), Object(Illuminate\Console\OutputStyle))
#24 /Users/thomasbourcy/Documents/Sipper/sipper_api/vendor/laravel/framework/src/Illuminate/Console/Command.php(167): Symfony\Component\Console\Command\Command->run(Object(Symfony\Component\Console\Input\ArgvInput), Object(Illuminate\Console\OutputStyle))
#25 /Users/thomasbourcy/Documents/Sipper/sipper_api/vendor/symfony/console/Application.php(946): Illuminate\Console\Command->run(Object(Symfony\Component\Console\Input\ArgvInput), Object(Symfony\Component\Console\Output\ConsoleOutput))
#26 /Users/thomasbourcy/Documents/Sipper/sipper_api/vendor/symfony/console/Application.php(248): Symfony\Component\Console\Application->doRunCommand(Object(Illuminate\Database\Console\Migrations\MigrateCommand), Object(Symfony\Component\Console\Input\ArgvInput), Object(Symfony\Component\Console\Output\ConsoleOutput))
#27 /Users/thomasbourcy/Documents/Sipper/sipper_api/vendor/symfony/console/Application.php(148): Symfony\Component\Console\Application->doRun(Object(Symfony\Component\Console\Input\ArgvInput), Object(Symfony\Component\Console\Output\ConsoleOutput))
#28 /Users/thomasbourcy/Documents/Sipper/sipper_api/vendor/laravel/framework/src/Illuminate/Foundation/Console/Kernel.php(122): Symfony\Component\Console\Application->run(Object(Symfony\Component\Console\Input\ArgvInput), Object(Symfony\Component\Console\Output\ConsoleOutput))
#29 /Users/thomasbourcy/Documents/Sipper/sipper_api/artisan(35): Illuminate\Foundation\Console\Kernel->handle(Object(Symfony\Component\Console\Input\ArgvInput), Object(Symfony\Component\Console\Output\ConsoleOutput))
#30 {main}  
[2018-01-31 16:39:23] production.ERROR: PDOException: SQLSTATE[HY000] [2002] No such file or directory in /Users/thomasbourcy/Documents/Sipper/sipper_api/vendor/doctrine/dbal/lib/Doctrine/DBAL/Driver/PDOConnection.php:43
Stack trace:
#0 /Users/thomasbourcy/Documents/Sipper/sipper_api/vendor/doctrine/dbal/lib/Doctrine/DBAL/Driver/PDOConnection.php(43): PDO->__construct('mysql:host=loca...', 'root', 'Sipper1617', Array)
#1 /Users/thomasbourcy/Documents/Sipper/sipper_api/vendor/laravel/framework/src/Illuminate/Database/Connectors/Connector.php(65): Doctrine\DBAL\Driver\PDOConnection->__construct('mysql:host=loca...', 'root', 'Sipper1617', Array)
#2 /Users/thomasbourcy/Documents/Sipper/sipper_api/vendor/laravel/framework/src/Illuminate/Database/Connectors/Connector.php(44): Illuminate\Database\Connectors\Connector->createPdoConnection('mysql:host=loca...', 'root', 'Sipper1617', Array)
#3 /Users/thomasbourcy/Documents/Sipper/sipper_api/vendor/laravel/framework/src/Illuminate/Database/Connectors/MySqlConnector.php(24): Illuminate\Database\Connectors\Connector->createConnection('mysql:host=loca...', Array, Array)
#4 /Users/thomasbourcy/Documents/Sipper/sipper_api/vendor/laravel/framework/src/Illuminate/Database/Connectors/ConnectionFactory.php(183): Illuminate\Database\Connectors\MySqlConnector->connect(Array)
#5 [internal function]: Illuminate\Database\Connectors\ConnectionFactory->Illuminate\Database\Connectors\{closure}()
#6 /Users/thomasbourcy/Documents/Sipper/sipper_api/vendor/laravel/framework/src/Illuminate/Database/Connection.php(883): call_user_func(Object(Closure))
#7 /Users/thomasbourcy/Documents/Sipper/sipper_api/vendor/laravel/framework/src/Illuminate/Database/Connection.php(904): Illuminate\Database\Connection->getPdo()
#8 /Users/thomasbourcy/Documents/Sipper/sipper_api/vendor/laravel/framework/src/Illuminate/Database/Connection.php(392): Illuminate\Database\Connection->getReadPdo()
#9 /Users/thomasbourcy/Documents/Sipper/sipper_api/vendor/laravel/framework/src/Illuminate/Database/Connection.php(318): Illuminate\Database\Connection->getPdoForSelect(true)
#10 /Users/thomasbourcy/Documents/Sipper/sipper_api/vendor/laravel/framework/src/Illuminate/Database/Connection.php(640): Illuminate\Database\Connection->Illuminate\Database\{closure}('select * from i...', Array)
#11 /Users/thomasbourcy/Documents/Sipper/sipper_api/vendor/laravel/framework/src/Illuminate/Database/Connection.php(607): Illuminate\Database\Connection->runQueryCallback('select * from i...', Array, Object(Closure))
#12 /Users/thomasbourcy/Documents/Sipper/sipper_api/vendor/laravel/framework/src/Illuminate/Database/Connection.php(326): Illuminate\Database\Connection->run('select * from i...', Array, Object(Closure))
#13 /Users/thomasbourcy/Documents/Sipper/sipper_api/vendor/laravel/framework/src/Illuminate/Database/Schema/MySqlBuilder.php(18): Illuminate\Database\Connection->select('select * from i...', Array)
#14 /Users/thomasbourcy/Documents/Sipper/sipper_api/vendor/laravel/framework/src/Illuminate/Database/Migrations/DatabaseMigrationRepository.php(154): Illuminate\Database\Schema\MySqlBuilder->hasTable('migrations')
#15 /Users/thomasbourcy/Documents/Sipper/sipper_api/vendor/laravel/framework/src/Illuminate/Database/Migrations/Migrator.php(544): Illuminate\Database\Migrations\DatabaseMigrationRepository->repositoryExists()
#16 /Users/thomasbourcy/Documents/Sipper/sipper_api/vendor/laravel/framework/src/Illuminate/Database/Console/Migrations/MigrateCommand.php(96): Illuminate\Database\Migrations\Migrator->repositoryExists()
#17 /Users/thomasbourcy/Documents/Sipper/sipper_api/vendor/laravel/framework/src/Illuminate/Database/Console/Migrations/MigrateCommand.php(62): Illuminate\Database\Console\Migrations\MigrateCommand->prepareDatabase()
#18 [internal function]: Illuminate\Database\Console\Migrations\MigrateCommand->fire()
#19 /Users/thomasbourcy/Documents/Sipper/sipper_api/vendor/laravel/framework/src/Illuminate/Container/BoundMethod.php(29): call_user_func_array(Array, Array)
#20 /Users/thomasbourcy/Documents/Sipper/sipper_api/vendor/laravel/framework/src/Illuminate/Container/BoundMethod.php(87): Illuminate\Container\BoundMethod::Illuminate\Container\{closure}()
#21 /Users/thomasbourcy/Documents/Sipper/sipper_api/vendor/laravel/framework/src/Illuminate/Container/BoundMethod.php(31): Illuminate\Container\BoundMethod::callBoundMethod(Object(Illuminate\Foundation\Application), Array, Object(Closure))
#22 /Users/thomasbourcy/Documents/Sipper/sipper_api/vendor/laravel/framework/src/Illuminate/Container/Container.php(539): Illuminate\Container\BoundMethod::call(Object(Illuminate\Foundation\Application), Array, Array, NULL)
#23 /Users/thomasbourcy/Documents/Sipper/sipper_api/vendor/laravel/framework/src/Illuminate/Console/Command.php(182): Illuminate\Container\Container->call(Array)
#24 /Users/thomasbourcy/Documents/Sipper/sipper_api/vendor/symfony/console/Command/Command.php(252): Illuminate\Console\Command->execute(Object(Symfony\Component\Console\Input\ArgvInput), Object(Illuminate\Console\OutputStyle))
#25 /Users/thomasbourcy/Documents/Sipper/sipper_api/vendor/laravel/framework/src/Illuminate/Console/Command.php(167): Symfony\Component\Console\Command\Command->run(Object(Symfony\Component\Console\Input\ArgvInput), Object(Illuminate\Console\OutputStyle))
#26 /Users/thomasbourcy/Documents/Sipper/sipper_api/vendor/symfony/console/Application.php(946): Illuminate\Console\Command->run(Object(Symfony\Component\Console\Input\ArgvInput), Object(Symfony\Component\Console\Output\ConsoleOutput))
#27 /Users/thomasbourcy/Documents/Sipper/sipper_api/vendor/symfony/console/Application.php(248): Symfony\Component\Console\Application->doRunCommand(Object(Illuminate\Database\Console\Migrations\MigrateCommand), Object(Symfony\Component\Console\Input\ArgvInput), Object(Symfony\Component\Console\Output\ConsoleOutput))
#28 /Users/thomasbourcy/Documents/Sipper/sipper_api/vendor/symfony/console/Application.php(148): Symfony\Component\Console\Application->doRun(Object(Symfony\Component\Console\Input\ArgvInput), Object(Symfony\Component\Console\Output\ConsoleOutput))
#29 /Users/thomasbourcy/Documents/Sipper/sipper_api/vendor/laravel/framework/src/Illuminate/Foundation/Console/Kernel.php(122): Symfony\Component\Console\Application->run(Object(Symfony\Component\Console\Input\ArgvInput), Object(Symfony\Component\Console\Output\ConsoleOutput))
#30 /Users/thomasbourcy/Documents/Sipper/sipper_api/artisan(35): Illuminate\Foundation\Console\Kernel->handle(Object(Symfony\Component\Console\Input\ArgvInput), Object(Symfony\Component\Console\Output\ConsoleOutput))
#31 {main}

Next Doctrine\DBAL\Driver\PDOException: SQLSTATE[HY000] [2002] No such file or directory in /Users/thomasbourcy/Documents/Sipper/sipper_api/vendor/doctrine/dbal/lib/Doctrine/DBAL/Driver/PDOConnection.php:47
Stack trace:
#0 /Users/thomasbourcy/Documents/Sipper/sipper_api/vendor/laravel/framework/src/Illuminate/Database/Connectors/Connector.php(65): Doctrine\DBAL\Driver\PDOConnection->__construct('mysql:host=loca...', 'root', 'Sipper1617', Array)
#1 /Users/thomasbourcy/Documents/Sipper/sipper_api/vendor/laravel/framework/src/Illuminate/Database/Connectors/Connector.php(44): Illuminate\Database\Connectors\Connector->createPdoConnection('mysql:host=loca...', 'root', 'Sipper1617', Array)
#2 /Users/thomasbourcy/Documents/Sipper/sipper_api/vendor/laravel/framework/src/Illuminate/Database/Connectors/MySqlConnector.php(24): Illuminate\Database\Connectors\Connector->createConnection('mysql:host=loca...', Array, Array)
#3 /Users/thomasbourcy/Documents/Sipper/sipper_api/vendor/laravel/framework/src/Illuminate/Database/Connectors/ConnectionFactory.php(183): Illuminate\Database\Connectors\MySqlConnector->connect(Array)
#4 [internal function]: Illuminate\Database\Connectors\ConnectionFactory->Illuminate\Database\Connectors\{closure}()
#5 /Users/thomasbourcy/Documents/Sipper/sipper_api/vendor/laravel/framework/src/Illuminate/Database/Connection.php(883): call_user_func(Object(Closure))
#6 /Users/thomasbourcy/Documents/Sipper/sipper_api/vendor/laravel/framework/src/Illuminate/Database/Connection.php(904): Illuminate\Database\Connection->getPdo()
#7 /Users/thomasbourcy/Documents/Sipper/sipper_api/vendor/laravel/framework/src/Illuminate/Database/Connection.php(392): Illuminate\Database\Connection->getReadPdo()
#8 /Users/thomasbourcy/Documents/Sipper/sipper_api/vendor/laravel/framework/src/Illuminate/Database/Connection.php(318): Illuminate\Database\Connection->getPdoForSelect(true)
#9 /Users/thomasbourcy/Documents/Sipper/sipper_api/vendor/laravel/framework/src/Illuminate/Database/Connection.php(640): Illuminate\Database\Connection->Illuminate\Database\{closure}('select * from i...', Array)
#10 /Users/thomasbourcy/Documents/Sipper/sipper_api/vendor/laravel/framework/src/Illuminate/Database/Connection.php(607): Illuminate\Database\Connection->runQueryCallback('select * from i...', Array, Object(Closure))
#11 /Users/thomasbourcy/Documents/Sipper/sipper_api/vendor/laravel/framework/src/Illuminate/Database/Connection.php(326): Illuminate\Database\Connection->run('select * from i...', Array, Object(Closure))
#12 /Users/thomasbourcy/Documents/Sipper/sipper_api/vendor/laravel/framework/src/Illuminate/Database/Schema/MySqlBuilder.php(18): Illuminate\Database\Connection->select('select * from i...', Array)
#13 /Users/thomasbourcy/Documents/Sipper/sipper_api/vendor/laravel/framework/src/Illuminate/Database/Migrations/DatabaseMigrationRepository.php(154): Illuminate\Database\Schema\MySqlBuilder->hasTable('migrations')
#14 /Users/thomasbourcy/Documents/Sipper/sipper_api/vendor/laravel/framework/src/Illuminate/Database/Migrations/Migrator.php(544): Illuminate\Database\Migrations\DatabaseMigrationRepository->repositoryExists()
#15 /Users/thomasbourcy/Documents/Sipper/sipper_api/vendor/laravel/framework/src/Illuminate/Database/Console/Migrations/MigrateCommand.php(96): Illuminate\Database\Migrations\Migrator->repositoryExists()
#16 /Users/thomasbourcy/Documents/Sipper/sipper_api/vendor/laravel/framework/src/Illuminate/Database/Console/Migrations/MigrateCommand.php(62): Illuminate\Database\Console\Migrations\MigrateCommand->prepareDatabase()
#17 [internal function]: Illuminate\Database\Console\Migrations\MigrateCommand->fire()
#18 /Users/thomasbourcy/Documents/Sipper/sipper_api/vendor/laravel/framework/src/Illuminate/Container/BoundMethod.php(29): call_user_func_array(Array, Array)
#19 /Users/thomasbourcy/Documents/Sipper/sipper_api/vendor/laravel/framework/src/Illuminate/Container/BoundMethod.php(87): Illuminate\Container\BoundMethod::Illuminate\Container\{closure}()
#20 /Users/thomasbourcy/Documents/Sipper/sipper_api/vendor/laravel/framework/src/Illuminate/Container/BoundMethod.php(31): Illuminate\Container\BoundMethod::callBoundMethod(Object(Illuminate\Foundation\Application), Array, Object(Closure))
#21 /Users/thomasbourcy/Documents/Sipper/sipper_api/vendor/laravel/framework/src/Illuminate/Container/Container.php(539): Illuminate\Container\BoundMethod::call(Object(Illuminate\Foundation\Application), Array, Array, NULL)
#22 /Users/thomasbourcy/Documents/Sipper/sipper_api/vendor/laravel/framework/src/Illuminate/Console/Command.php(182): Illuminate\Container\Container->call(Array)
#23 /Users/thomasbourcy/Documents/Sipper/sipper_api/vendor/symfony/console/Command/Command.php(252): Illuminate\Console\Command->execute(Object(Symfony\Component\Console\Input\ArgvInput), Object(Illuminate\Console\OutputStyle))
#24 /Users/thomasbourcy/Documents/Sipper/sipper_api/vendor/laravel/framework/src/Illuminate/Console/Command.php(167): Symfony\Component\Console\Command\Command->run(Object(Symfony\Component\Console\Input\ArgvInput), Object(Illuminate\Console\OutputStyle))
#25 /Users/thomasbourcy/Documents/Sipper/sipper_api/vendor/symfony/console/Application.php(946): Illuminate\Console\Command->run(Object(Symfony\Component\Console\Input\ArgvInput), Object(Symfony\Component\Console\Output\ConsoleOutput))
#26 /Users/thomasbourcy/Documents/Sipper/sipper_api/vendor/symfony/console/Application.php(248): Symfony\Component\Console\Application->doRunCommand(Object(Illuminate\Database\Console\Migrations\MigrateCommand), Object(Symfony\Component\Console\Input\ArgvInput), Object(Symfony\Component\Console\Output\ConsoleOutput))
#27 /Users/thomasbourcy/Documents/Sipper/sipper_api/vendor/symfony/console/Application.php(148): Symfony\Component\Console\Application->doRun(Object(Symfony\Component\Console\Input\ArgvInput), Object(Symfony\Component\Console\Output\ConsoleOutput))
#28 /Users/thomasbourcy/Documents/Sipper/sipper_api/vendor/laravel/framework/src/Illuminate/Foundation/Console/Kernel.php(122): Symfony\Component\Console\Application->run(Object(Symfony\Component\Console\Input\ArgvInput), Object(Symfony\Component\Console\Output\ConsoleOutput))
#29 /Users/thomasbourcy/Documents/Sipper/sipper_api/artisan(35): Illuminate\Foundation\Console\Kernel->handle(Object(Symfony\Component\Console\Input\ArgvInput), Object(Symfony\Component\Console\Output\ConsoleOutput))
#30 {main}

Next Illuminate\Database\QueryException: SQLSTATE[HY000] [2002] No such file or directory (SQL: select * from information_schema.tables where table_schema = sipperbdd and table_name = migrations) in /Users/thomasbourcy/Documents/Sipper/sipper_api/vendor/laravel/framework/src/Illuminate/Database/Connection.php:647
Stack trace:
#0 /Users/thomasbourcy/Documents/Sipper/sipper_api/vendor/laravel/framework/src/Illuminate/Database/Connection.php(607): Illuminate\Database\Connection->runQueryCallback('select * from i...', Array, Object(Closure))
#1 /Users/thomasbourcy/Documents/Sipper/sipper_api/vendor/laravel/framework/src/Illuminate/Database/Connection.php(326): Illuminate\Database\Connection->run('select * from i...', Array, Object(Closure))
#2 /Users/thomasbourcy/Documents/Sipper/sipper_api/vendor/laravel/framework/src/Illuminate/Database/Schema/MySqlBuilder.php(18): Illuminate\Database\Connection->select('select * from i...', Array)
#3 /Users/thomasbourcy/Documents/Sipper/sipper_api/vendor/laravel/framework/src/Illuminate/Database/Migrations/DatabaseMigrationRepository.php(154): Illuminate\Database\Schema\MySqlBuilder->hasTable('migrations')
#4 /Users/thomasbourcy/Documents/Sipper/sipper_api/vendor/laravel/framework/src/Illuminate/Database/Migrations/Migrator.php(544): Illuminate\Database\Migrations\DatabaseMigrationRepository->repositoryExists()
#5 /Users/thomasbourcy/Documents/Sipper/sipper_api/vendor/laravel/framework/src/Illuminate/Database/Console/Migrations/MigrateCommand.php(96): Illuminate\Database\Migrations\Migrator->repositoryExists()
#6 /Users/thomasbourcy/Documents/Sipper/sipper_api/vendor/laravel/framework/src/Illuminate/Database/Console/Migrations/MigrateCommand.php(62): Illuminate\Database\Console\Migrations\MigrateCommand->prepareDatabase()
#7 [internal function]: Illuminate\Database\Console\Migrations\MigrateCommand->fire()
#8 /Users/thomasbourcy/Documents/Sipper/sipper_api/vendor/laravel/framework/src/Illuminate/Container/BoundMethod.php(29): call_user_func_array(Array, Array)
#9 /Users/thomasbourcy/Documents/Sipper/sipper_api/vendor/laravel/framework/src/Illuminate/Container/BoundMethod.php(87): Illuminate\Container\BoundMethod::Illuminate\Container\{closure}()
#10 /Users/thomasbourcy/Documents/Sipper/sipper_api/vendor/laravel/framework/src/Illuminate/Container/BoundMethod.php(31): Illuminate\Container\BoundMethod::callBoundMethod(Object(Illuminate\Foundation\Application), Array, Object(Closure))
#11 /Users/thomasbourcy/Documents/Sipper/sipper_api/vendor/laravel/framework/src/Illuminate/Container/Container.php(539): Illuminate\Container\BoundMethod::call(Object(Illuminate\Foundation\Application), Array, Array, NULL)
#12 /Users/thomasbourcy/Documents/Sipper/sipper_api/vendor/laravel/framework/src/Illuminate/Console/Command.php(182): Illuminate\Container\Container->call(Array)
#13 /Users/thomasbourcy/Documents/Sipper/sipper_api/vendor/symfony/console/Command/Command.php(252): Illuminate\Console\Command->execute(Object(Symfony\Component\Console\Input\ArgvInput), Object(Illuminate\Console\OutputStyle))
#14 /Users/thomasbourcy/Documents/Sipper/sipper_api/vendor/laravel/framework/src/Illuminate/Console/Command.php(167): Symfony\Component\Console\Command\Command->run(Object(Symfony\Component\Console\Input\ArgvInput), Object(Illuminate\Console\OutputStyle))
#15 /Users/thomasbourcy/Documents/Sipper/sipper_api/vendor/symfony/console/Application.php(946): Illuminate\Console\Command->run(Object(Symfony\Component\Console\Input\ArgvInput), Object(Symfony\Component\Console\Output\ConsoleOutput))
#16 /Users/thomasbourcy/Documents/Sipper/sipper_api/vendor/symfony/console/Application.php(248): Symfony\Component\Console\Application->doRunCommand(Object(Illuminate\Database\Console\Migrations\MigrateCommand), Object(Symfony\Component\Console\Input\ArgvInput), Object(Symfony\Component\Console\Output\ConsoleOutput))
#17 /Users/thomasbourcy/Documents/Sipper/sipper_api/vendor/symfony/console/Application.php(148): Symfony\Component\Console\Application->doRun(Object(Symfony\Component\Console\Input\ArgvInput), Object(Symfony\Component\Console\Output\ConsoleOutput))
#18 /Users/thomasbourcy/Documents/Sipper/sipper_api/vendor/laravel/framework/src/Illuminate/Foundation/Console/Kernel.php(122): Symfony\Component\Console\Application->run(Object(Symfony\Component\Console\Input\ArgvInput), Object(Symfony\Component\Console\Output\ConsoleOutput))
#19 /Users/thomasbourcy/Documents/Sipper/sipper_api/artisan(35): Illuminate\Foundation\Console\Kernel->handle(Object(Symfony\Component\Console\Input\ArgvInput), Object(Symfony\Component\Console\Output\ConsoleOutput))
#20 {main}  
